{"C:\\Users\\aswan\\OneDrive\\Desktop\\Express\\server.js": {"path":"C:\\Users\\aswan\\OneDrive\\Desktop\\Express\\server.js","statementMap":{"0":{"start":{"line":1,"column":16},"end":{"line":1,"column":34}},"1":{"start":{"line":2,"column":12},"end":{"line":2,"column":21}},"2":{"start":{"line":3,"column":11},"end":{"line":3,"column":38}},"3":{"start":{"line":4,"column":12},"end":{"line":4,"column":42}},"4":{"start":{"line":5,"column":13},"end":{"line":5,"column":44}},"5":{"start":{"line":6,"column":16},"end":{"line":6,"column":50}},"6":{"start":{"line":7,"column":19},"end":{"line":7,"column":52}},"7":{"start":{"line":8,"column":19},"end":{"line":8,"column":52}},"8":{"start":{"line":9,"column":0},"end":{"line":9,"column":28}},"9":{"start":{"line":10,"column":0},"end":{"line":10,"column":24}},"10":{"start":{"line":13,"column":0},"end":{"line":13,"column":18}},"11":{"start":{"line":14,"column":0},"end":{"line":14,"column":19}},"12":{"start":{"line":15,"column":0},"end":{"line":15,"column":22}},"13":{"start":{"line":16,"column":0},"end":{"line":16,"column":25}},"14":{"start":{"line":17,"column":0},"end":{"line":17,"column":25}},"15":{"start":{"line":19,"column":12},"end":{"line":19,"column":16}},"16":{"start":{"line":20,"column":0},"end":{"line":22,"column":3}},"17":{"start":{"line":21,"column":2},"end":{"line":21,"column":48}},"18":{"start":{"line":23,"column":0},"end":{"line":23,"column":21}}},"fnMap":{"0":{"name":"(anonymous_0)","decl":{"start":{"line":20,"column":17},"end":{"line":20,"column":18}},"loc":{"start":{"line":20,"column":23},"end":{"line":22,"column":1}},"line":20}},"branchMap":{},"s":{"0":6,"1":6,"2":6,"3":6,"4":6,"5":6,"6":6,"7":6,"8":6,"9":6,"10":6,"11":6,"12":6,"13":6,"14":6,"15":6,"16":6,"17":1,"18":6},"f":{"0":1},"b":{},"_coverageSchema":"1a1c01bbd47fc00a2c39e90264f33305004495a9","hash":"13313083a0233d2a1d4afe4d344bcfff80df8984"}
,"C:\\Users\\aswan\\OneDrive\\Desktop\\Express\\config\\db.conf.js": {"path":"C:\\Users\\aswan\\OneDrive\\Desktop\\Express\\config\\db.conf.js","statementMap":{"0":{"start":{"line":1,"column":14},"end":{"line":1,"column":31}},"1":{"start":{"line":2,"column":15},"end":{"line":2,"column":32}},"2":{"start":{"line":3,"column":0},"end":{"line":3,"column":16}},"3":{"start":{"line":5,"column":11},"end":{"line":10,"column":2}},"4":{"start":{"line":12,"column":0},"end":{"line":12,"column":18}}},"fnMap":{},"branchMap":{},"s":{"0":6,"1":6,"2":6,"3":6,"4":6},"f":{},"b":{},"_coverageSchema":"1a1c01bbd47fc00a2c39e90264f33305004495a9","hash":"04790a3fa73f9e067c9e6afbd798a3efbe16f77c"}
,"C:\\Users\\aswan\\OneDrive\\Desktop\\Express\\controler\\deleteUser.js": {"path":"C:\\Users\\aswan\\OneDrive\\Desktop\\Express\\controler\\deleteUser.js","statementMap":{"0":{"start":{"line":1,"column":16},"end":{"line":1,"column":34}},"1":{"start":{"line":2,"column":13},"end":{"line":2,"column":22}},"2":{"start":{"line":3,"column":11},"end":{"line":3,"column":39}},"3":{"start":{"line":4,"column":0},"end":{"line":4,"column":29}},"4":{"start":{"line":6,"column":0},"end":{"line":23,"column":2}},"5":{"start":{"line":7,"column":21},"end":{"line":7,"column":34}},"6":{"start":{"line":8,"column":4},"end":{"line":22,"column":6}},"7":{"start":{"line":9,"column":8},"end":{"line":21,"column":9}},"8":{"start":{"line":10,"column":12},"end":{"line":10,"column":29}},"9":{"start":{"line":13,"column":12},"end":{"line":13,"column":32}},"10":{"start":{"line":14,"column":12},"end":{"line":20,"column":13}},"11":{"start":{"line":15,"column":16},"end":{"line":15,"column":43}},"12":{"start":{"line":18,"column":16},"end":{"line":18,"column":54}},"13":{"start":{"line":19,"column":16},"end":{"line":19,"column":51}},"14":{"start":{"line":25,"column":0},"end":{"line":25,"column":21}}},"fnMap":{"0":{"name":"(anonymous_0)","decl":{"start":{"line":6,"column":31},"end":{"line":6,"column":32}},"loc":{"start":{"line":6,"column":45},"end":{"line":23,"column":1}},"line":6},"1":{"name":"(anonymous_1)","decl":{"start":{"line":8,"column":54},"end":{"line":8,"column":55}},"loc":{"start":{"line":8,"column":71},"end":{"line":22,"column":5}},"line":8}},"branchMap":{"0":{"loc":{"start":{"line":9,"column":8},"end":{"line":21,"column":9}},"type":"if","locations":[{"start":{"line":9,"column":8},"end":{"line":21,"column":9}},{"start":{"line":12,"column":13},"end":{"line":21,"column":9}}],"line":9},"1":{"loc":{"start":{"line":14,"column":12},"end":{"line":20,"column":13}},"type":"if","locations":[{"start":{"line":14,"column":12},"end":{"line":20,"column":13}},{"start":{"line":17,"column":17},"end":{"line":20,"column":13}}],"line":14}},"s":{"0":6,"1":6,"2":6,"3":6,"4":6,"5":2,"6":2,"7":2,"8":0,"9":2,"10":2,"11":1,"12":1,"13":1,"14":6},"f":{"0":2,"1":2},"b":{"0":[0,2],"1":[1,1]},"_coverageSchema":"1a1c01bbd47fc00a2c39e90264f33305004495a9","hash":"fe4ad76c06735535a2d47c497a6b01929947c1e7"}
,"C:\\Users\\aswan\\OneDrive\\Desktop\\Express\\controler\\getUser.js": {"path":"C:\\Users\\aswan\\OneDrive\\Desktop\\Express\\controler\\getUser.js","statementMap":{"0":{"start":{"line":1,"column":16},"end":{"line":1,"column":34}},"1":{"start":{"line":2,"column":13},"end":{"line":2,"column":22}},"2":{"start":{"line":3,"column":11},"end":{"line":3,"column":39}},"3":{"start":{"line":4,"column":0},"end":{"line":4,"column":29}},"4":{"start":{"line":6,"column":0},"end":{"line":14,"column":3}},"5":{"start":{"line":7,"column":4},"end":{"line":13,"column":7}},"6":{"start":{"line":8,"column":8},"end":{"line":11,"column":9}},"7":{"start":{"line":9,"column":12},"end":{"line":9,"column":29}},"8":{"start":{"line":10,"column":12},"end":{"line":10,"column":19}},"9":{"start":{"line":12,"column":8},"end":{"line":12,"column":25}},"10":{"start":{"line":16,"column":0},"end":{"line":16,"column":21}}},"fnMap":{"0":{"name":"(anonymous_0)","decl":{"start":{"line":6,"column":14},"end":{"line":6,"column":15}},"loc":{"start":{"line":6,"column":28},"end":{"line":14,"column":1}},"line":6},"1":{"name":"(anonymous_1)","decl":{"start":{"line":7,"column":35},"end":{"line":7,"column":36}},"loc":{"start":{"line":7,"column":52},"end":{"line":13,"column":5}},"line":7}},"branchMap":{"0":{"loc":{"start":{"line":8,"column":8},"end":{"line":11,"column":9}},"type":"if","locations":[{"start":{"line":8,"column":8},"end":{"line":11,"column":9}},{"start":{},"end":{}}],"line":8}},"s":{"0":6,"1":6,"2":6,"3":6,"4":6,"5":4,"6":4,"7":0,"8":0,"9":4,"10":6},"f":{"0":4,"1":4},"b":{"0":[0,4]},"_coverageSchema":"1a1c01bbd47fc00a2c39e90264f33305004495a9","hash":"94f00381cadd75fb1ab9e316eb21bbaf175851bf"}
,"C:\\Users\\aswan\\OneDrive\\Desktop\\Express\\controler\\getUserbyid.js": {"path":"C:\\Users\\aswan\\OneDrive\\Desktop\\Express\\controler\\getUserbyid.js","statementMap":{"0":{"start":{"line":1,"column":16},"end":{"line":1,"column":34}},"1":{"start":{"line":2,"column":13},"end":{"line":2,"column":22}},"2":{"start":{"line":3,"column":11},"end":{"line":3,"column":39}},"3":{"start":{"line":4,"column":0},"end":{"line":4,"column":29}},"4":{"start":{"line":6,"column":0},"end":{"line":22,"column":3}},"5":{"start":{"line":7,"column":20},"end":{"line":7,"column":33}},"6":{"start":{"line":8,"column":4},"end":{"line":21,"column":6}},"7":{"start":{"line":9,"column":8},"end":{"line":20,"column":9}},"8":{"start":{"line":10,"column":12},"end":{"line":10,"column":29}},"9":{"start":{"line":13,"column":26},"end":{"line":13,"column":60}},"10":{"start":{"line":14,"column":12},"end":{"line":19,"column":13}},"11":{"start":{"line":15,"column":16},"end":{"line":15,"column":43}},"12":{"start":{"line":18,"column":16},"end":{"line":18,"column":32}},"13":{"start":{"line":24,"column":0},"end":{"line":24,"column":21}}},"fnMap":{"0":{"name":"(anonymous_0)","decl":{"start":{"line":6,"column":21},"end":{"line":6,"column":22}},"loc":{"start":{"line":6,"column":35},"end":{"line":22,"column":1}},"line":6},"1":{"name":"(anonymous_1)","decl":{"start":{"line":8,"column":57},"end":{"line":8,"column":58}},"loc":{"start":{"line":8,"column":74},"end":{"line":21,"column":5}},"line":8}},"branchMap":{"0":{"loc":{"start":{"line":9,"column":8},"end":{"line":20,"column":9}},"type":"if","locations":[{"start":{"line":9,"column":8},"end":{"line":20,"column":9}},{"start":{"line":12,"column":13},"end":{"line":20,"column":9}}],"line":9},"1":{"loc":{"start":{"line":14,"column":12},"end":{"line":19,"column":13}},"type":"if","locations":[{"start":{"line":14,"column":12},"end":{"line":19,"column":13}},{"start":{"line":17,"column":17},"end":{"line":19,"column":13}}],"line":14}},"s":{"0":6,"1":6,"2":6,"3":6,"4":6,"5":4,"6":4,"7":4,"8":0,"9":4,"10":4,"11":2,"12":2,"13":6},"f":{"0":4,"1":4},"b":{"0":[0,4],"1":[2,2]},"_coverageSchema":"1a1c01bbd47fc00a2c39e90264f33305004495a9","hash":"8fdf0d59597f4dad7000ae417c64944ce762f591"}
,"C:\\Users\\aswan\\OneDrive\\Desktop\\Express\\controler\\postUser.js": {"path":"C:\\Users\\aswan\\OneDrive\\Desktop\\Express\\controler\\postUser.js","statementMap":{"0":{"start":{"line":1,"column":16},"end":{"line":1,"column":34}},"1":{"start":{"line":2,"column":13},"end":{"line":2,"column":22}},"2":{"start":{"line":3,"column":11},"end":{"line":3,"column":39}},"3":{"start":{"line":4,"column":0},"end":{"line":4,"column":29}},"4":{"start":{"line":6,"column":0},"end":{"line":20,"column":11}},"5":{"start":{"line":7,"column":96},"end":{"line":7,"column":104}},"6":{"start":{"line":8,"column":19},"end":{"line":8,"column":101}},"7":{"start":{"line":9,"column":16},"end":{"line":9,"column":141}},"8":{"start":{"line":10,"column":8},"end":{"line":19,"column":13}},"9":{"start":{"line":11,"column":12},"end":{"line":18,"column":13}},"10":{"start":{"line":12,"column":14},"end":{"line":12,"column":31}},"11":{"start":{"line":13,"column":14},"end":{"line":13,"column":59}},"12":{"start":{"line":16,"column":14},"end":{"line":16,"column":56}},"13":{"start":{"line":17,"column":14},"end":{"line":17,"column":44}},"14":{"start":{"line":23,"column":0},"end":{"line":23,"column":21}}},"fnMap":{"0":{"name":"(anonymous_0)","decl":{"start":{"line":6,"column":19},"end":{"line":6,"column":20}},"loc":{"start":{"line":6,"column":33},"end":{"line":20,"column":9}},"line":6},"1":{"name":"(anonymous_1)","decl":{"start":{"line":10,"column":32},"end":{"line":10,"column":33}},"loc":{"start":{"line":10,"column":49},"end":{"line":19,"column":11}},"line":10}},"branchMap":{"0":{"loc":{"start":{"line":11,"column":12},"end":{"line":18,"column":13}},"type":"if","locations":[{"start":{"line":11,"column":12},"end":{"line":18,"column":13}},{"start":{"line":15,"column":17},"end":{"line":18,"column":13}}],"line":11}},"s":{"0":6,"1":6,"2":6,"3":6,"4":6,"5":2,"6":2,"7":2,"8":2,"9":2,"10":1,"11":1,"12":1,"13":1,"14":6},"f":{"0":2,"1":2},"b":{"0":[1,1]},"_coverageSchema":"1a1c01bbd47fc00a2c39e90264f33305004495a9","hash":"24bfbe218f246dfdf615c2d54c68de37a8348d31"}
,"C:\\Users\\aswan\\OneDrive\\Desktop\\Express\\controler\\updateUser.js": {"path":"C:\\Users\\aswan\\OneDrive\\Desktop\\Express\\controler\\updateUser.js","statementMap":{"0":{"start":{"line":1,"column":16},"end":{"line":1,"column":34}},"1":{"start":{"line":2,"column":13},"end":{"line":2,"column":22}},"2":{"start":{"line":3,"column":11},"end":{"line":3,"column":39}},"3":{"start":{"line":4,"column":0},"end":{"line":4,"column":29}},"4":{"start":{"line":6,"column":0},"end":{"line":26,"column":3}},"5":{"start":{"line":7,"column":20},"end":{"line":7,"column":33}},"6":{"start":{"line":8,"column":70},"end":{"line":8,"column":78}},"7":{"start":{"line":9,"column":17},"end":{"line":9,"column":104}},"8":{"start":{"line":10,"column":19},"end":{"line":10,"column":80}},"9":{"start":{"line":11,"column":4},"end":{"line":25,"column":6}},"10":{"start":{"line":12,"column":8},"end":{"line":24,"column":9}},"11":{"start":{"line":13,"column":12},"end":{"line":13,"column":31}},"12":{"start":{"line":16,"column":12},"end":{"line":16,"column":32}},"13":{"start":{"line":17,"column":12},"end":{"line":23,"column":13}},"14":{"start":{"line":18,"column":16},"end":{"line":18,"column":43}},"15":{"start":{"line":21,"column":16},"end":{"line":21,"column":54}},"16":{"start":{"line":22,"column":16},"end":{"line":22,"column":51}},"17":{"start":{"line":28,"column":0},"end":{"line":28,"column":21}}},"fnMap":{"0":{"name":"(anonymous_0)","decl":{"start":{"line":6,"column":26},"end":{"line":6,"column":27}},"loc":{"start":{"line":6,"column":40},"end":{"line":26,"column":1}},"line":6},"1":{"name":"(anonymous_1)","decl":{"start":{"line":11,"column":27},"end":{"line":11,"column":28}},"loc":{"start":{"line":11,"column":46},"end":{"line":25,"column":5}},"line":11}},"branchMap":{"0":{"loc":{"start":{"line":12,"column":8},"end":{"line":24,"column":9}},"type":"if","locations":[{"start":{"line":12,"column":8},"end":{"line":24,"column":9}},{"start":{"line":15,"column":13},"end":{"line":24,"column":9}}],"line":12},"1":{"loc":{"start":{"line":17,"column":12},"end":{"line":23,"column":13}},"type":"if","locations":[{"start":{"line":17,"column":12},"end":{"line":23,"column":13}},{"start":{"line":20,"column":17},"end":{"line":23,"column":13}}],"line":17}},"s":{"0":6,"1":6,"2":6,"3":6,"4":6,"5":1,"6":1,"7":1,"8":1,"9":1,"10":1,"11":0,"12":1,"13":1,"14":0,"15":1,"16":1,"17":6},"f":{"0":1,"1":1},"b":{"0":[0,1],"1":[0,1]},"_coverageSchema":"1a1c01bbd47fc00a2c39e90264f33305004495a9","hash":"b391d6ce0acb1e07b1629e200e5ecd890ed4cf93"}
}
