{"C:\\Users\\aswan\\OneDrive\\Desktop\\Express\\server.js": {"path":"C:\\Users\\aswan\\OneDrive\\Desktop\\Express\\server.js","statementMap":{"0":{"start":{"line":1,"column":16},"end":{"line":1,"column":34}},"1":{"start":{"line":2,"column":12},"end":{"line":2,"column":21}},"2":{"start":{"line":3,"column":11},"end":{"line":3,"column":38}},"3":{"start":{"line":4,"column":12},"end":{"line":4,"column":42}},"4":{"start":{"line":5,"column":13},"end":{"line":5,"column":44}},"5":{"start":{"line":6,"column":16},"end":{"line":6,"column":50}},"6":{"start":{"line":7,"column":19},"end":{"line":7,"column":52}},"7":{"start":{"line":8,"column":19},"end":{"line":8,"column":52}},"8":{"start":{"line":9,"column":11},"end":{"line":9,"column":42}},"9":{"start":{"line":10,"column":12},"end":{"line":10,"column":44}},"10":{"start":{"line":11,"column":0},"end":{"line":11,"column":28}},"11":{"start":{"line":12,"column":0},"end":{"line":12,"column":24}},"12":{"start":{"line":13,"column":0},"end":{"line":13,"column":48}},"13":{"start":{"line":15,"column":0},"end":{"line":15,"column":18}},"14":{"start":{"line":16,"column":0},"end":{"line":16,"column":19}},"15":{"start":{"line":17,"column":0},"end":{"line":17,"column":22}},"16":{"start":{"line":18,"column":0},"end":{"line":18,"column":25}},"17":{"start":{"line":19,"column":0},"end":{"line":19,"column":25}},"18":{"start":{"line":20,"column":0},"end":{"line":20,"column":18}},"19":{"start":{"line":21,"column":0},"end":{"line":21,"column":19}},"20":{"start":{"line":23,"column":12},"end":{"line":23,"column":36}},"21":{"start":{"line":24,"column":0},"end":{"line":26,"column":3}},"22":{"start":{"line":25,"column":2},"end":{"line":25,"column":48}},"23":{"start":{"line":28,"column":0},"end":{"line":28,"column":21}}},"fnMap":{"0":{"name":"(anonymous_0)","decl":{"start":{"line":24,"column":17},"end":{"line":24,"column":18}},"loc":{"start":{"line":24,"column":23},"end":{"line":26,"column":1}},"line":24}},"branchMap":{"0":{"loc":{"start":{"line":23,"column":12},"end":{"line":23,"column":36}},"type":"binary-expr","locations":[{"start":{"line":23,"column":12},"end":{"line":23,"column":28}},{"start":{"line":23,"column":32},"end":{"line":23,"column":36}}],"line":23}},"s":{"0":11,"1":11,"2":11,"3":11,"4":11,"5":11,"6":11,"7":11,"8":11,"9":11,"10":11,"11":11,"12":11,"13":11,"14":11,"15":11,"16":11,"17":11,"18":11,"19":11,"20":11,"21":11,"22":2,"23":11},"f":{"0":2},"b":{"0":[11,1]},"_coverageSchema":"1a1c01bbd47fc00a2c39e90264f33305004495a9","hash":"62ac94a95e8e6190cc9b9c9bb54f6cbb37f7a013"}
,"C:\\Users\\aswan\\OneDrive\\Desktop\\Express\\config\\db.conf.js": {"path":"C:\\Users\\aswan\\OneDrive\\Desktop\\Express\\config\\db.conf.js","statementMap":{"0":{"start":{"line":1,"column":14},"end":{"line":1,"column":31}},"1":{"start":{"line":2,"column":15},"end":{"line":2,"column":32}},"2":{"start":{"line":3,"column":0},"end":{"line":3,"column":16}},"3":{"start":{"line":5,"column":11},"end":{"line":10,"column":2}},"4":{"start":{"line":12,"column":0},"end":{"line":12,"column":18}}},"fnMap":{},"branchMap":{},"s":{"0":10,"1":10,"2":10,"3":10,"4":10},"f":{},"b":{},"_coverageSchema":"1a1c01bbd47fc00a2c39e90264f33305004495a9","hash":"04790a3fa73f9e067c9e6afbd798a3efbe16f77c"}
,"C:\\Users\\aswan\\OneDrive\\Desktop\\Express\\controler\\deleteUser.js": {"path":"C:\\Users\\aswan\\OneDrive\\Desktop\\Express\\controler\\deleteUser.js","statementMap":{"0":{"start":{"line":1,"column":16},"end":{"line":1,"column":34}},"1":{"start":{"line":2,"column":13},"end":{"line":2,"column":22}},"2":{"start":{"line":3,"column":11},"end":{"line":3,"column":39}},"3":{"start":{"line":4,"column":0},"end":{"line":4,"column":29}},"4":{"start":{"line":6,"column":0},"end":{"line":23,"column":2}},"5":{"start":{"line":7,"column":21},"end":{"line":7,"column":34}},"6":{"start":{"line":8,"column":4},"end":{"line":22,"column":6}},"7":{"start":{"line":9,"column":8},"end":{"line":21,"column":9}},"8":{"start":{"line":10,"column":12},"end":{"line":10,"column":29}},"9":{"start":{"line":13,"column":12},"end":{"line":13,"column":32}},"10":{"start":{"line":14,"column":12},"end":{"line":20,"column":13}},"11":{"start":{"line":15,"column":16},"end":{"line":15,"column":43}},"12":{"start":{"line":18,"column":16},"end":{"line":18,"column":54}},"13":{"start":{"line":19,"column":16},"end":{"line":19,"column":51}},"14":{"start":{"line":25,"column":0},"end":{"line":25,"column":21}}},"fnMap":{"0":{"name":"(anonymous_0)","decl":{"start":{"line":6,"column":31},"end":{"line":6,"column":32}},"loc":{"start":{"line":6,"column":44},"end":{"line":23,"column":1}},"line":6},"1":{"name":"(anonymous_1)","decl":{"start":{"line":8,"column":54},"end":{"line":8,"column":55}},"loc":{"start":{"line":8,"column":71},"end":{"line":22,"column":5}},"line":8}},"branchMap":{"0":{"loc":{"start":{"line":9,"column":8},"end":{"line":21,"column":9}},"type":"if","locations":[{"start":{"line":9,"column":8},"end":{"line":21,"column":9}},{"start":{"line":12,"column":13},"end":{"line":21,"column":9}}],"line":9},"1":{"loc":{"start":{"line":14,"column":12},"end":{"line":20,"column":13}},"type":"if","locations":[{"start":{"line":14,"column":12},"end":{"line":20,"column":13}},{"start":{"line":17,"column":17},"end":{"line":20,"column":13}}],"line":14}},"s":{"0":11,"1":11,"2":11,"3":11,"4":11,"5":2,"6":2,"7":2,"8":0,"9":2,"10":2,"11":1,"12":1,"13":1,"14":11},"f":{"0":2,"1":2},"b":{"0":[0,2],"1":[1,1]},"_coverageSchema":"1a1c01bbd47fc00a2c39e90264f33305004495a9","hash":"260605767d0ad61a80fee088c88acf70408b800e"}
,"C:\\Users\\aswan\\OneDrive\\Desktop\\Express\\controler\\getUser.js": {"path":"C:\\Users\\aswan\\OneDrive\\Desktop\\Express\\controler\\getUser.js","statementMap":{"0":{"start":{"line":1,"column":16},"end":{"line":1,"column":34}},"1":{"start":{"line":2,"column":13},"end":{"line":2,"column":22}},"2":{"start":{"line":3,"column":11},"end":{"line":3,"column":39}},"3":{"start":{"line":4,"column":0},"end":{"line":4,"column":29}},"4":{"start":{"line":6,"column":0},"end":{"line":14,"column":3}},"5":{"start":{"line":7,"column":4},"end":{"line":13,"column":7}},"6":{"start":{"line":8,"column":8},"end":{"line":11,"column":9}},"7":{"start":{"line":9,"column":12},"end":{"line":9,"column":29}},"8":{"start":{"line":10,"column":12},"end":{"line":10,"column":19}},"9":{"start":{"line":12,"column":8},"end":{"line":12,"column":25}},"10":{"start":{"line":16,"column":0},"end":{"line":16,"column":21}}},"fnMap":{"0":{"name":"(anonymous_0)","decl":{"start":{"line":6,"column":14},"end":{"line":6,"column":15}},"loc":{"start":{"line":6,"column":28},"end":{"line":14,"column":1}},"line":6},"1":{"name":"(anonymous_1)","decl":{"start":{"line":7,"column":35},"end":{"line":7,"column":36}},"loc":{"start":{"line":7,"column":52},"end":{"line":13,"column":5}},"line":7}},"branchMap":{"0":{"loc":{"start":{"line":8,"column":8},"end":{"line":11,"column":9}},"type":"if","locations":[{"start":{"line":8,"column":8},"end":{"line":11,"column":9}},{"start":{},"end":{}}],"line":8}},"s":{"0":11,"1":11,"2":11,"3":11,"4":11,"5":4,"6":4,"7":0,"8":0,"9":4,"10":11},"f":{"0":4,"1":4},"b":{"0":[0,4]},"_coverageSchema":"1a1c01bbd47fc00a2c39e90264f33305004495a9","hash":"94f00381cadd75fb1ab9e316eb21bbaf175851bf"}
,"C:\\Users\\aswan\\OneDrive\\Desktop\\Express\\controler\\getUserbyid.js": {"path":"C:\\Users\\aswan\\OneDrive\\Desktop\\Express\\controler\\getUserbyid.js","statementMap":{"0":{"start":{"line":1,"column":16},"end":{"line":1,"column":34}},"1":{"start":{"line":2,"column":13},"end":{"line":2,"column":22}},"2":{"start":{"line":3,"column":11},"end":{"line":3,"column":39}},"3":{"start":{"line":4,"column":0},"end":{"line":4,"column":29}},"4":{"start":{"line":6,"column":0},"end":{"line":17,"column":3}},"5":{"start":{"line":7,"column":20},"end":{"line":7,"column":33}},"6":{"start":{"line":8,"column":4},"end":{"line":16,"column":6}},"7":{"start":{"line":9,"column":8},"end":{"line":15,"column":9}},"8":{"start":{"line":10,"column":12},"end":{"line":10,"column":29}},"9":{"start":{"line":13,"column":26},"end":{"line":13,"column":60}},"10":{"start":{"line":14,"column":12},"end":{"line":14,"column":28}},"11":{"start":{"line":19,"column":0},"end":{"line":19,"column":21}}},"fnMap":{"0":{"name":"(anonymous_0)","decl":{"start":{"line":6,"column":21},"end":{"line":6,"column":22}},"loc":{"start":{"line":6,"column":35},"end":{"line":17,"column":1}},"line":6},"1":{"name":"(anonymous_1)","decl":{"start":{"line":8,"column":57},"end":{"line":8,"column":58}},"loc":{"start":{"line":8,"column":74},"end":{"line":16,"column":5}},"line":8}},"branchMap":{"0":{"loc":{"start":{"line":9,"column":8},"end":{"line":15,"column":9}},"type":"if","locations":[{"start":{"line":9,"column":8},"end":{"line":15,"column":9}},{"start":{"line":12,"column":13},"end":{"line":15,"column":9}}],"line":9}},"s":{"0":11,"1":11,"2":11,"3":11,"4":11,"5":3,"6":3,"7":3,"8":0,"9":3,"10":3,"11":11},"f":{"0":3,"1":3},"b":{"0":[0,3]},"_coverageSchema":"1a1c01bbd47fc00a2c39e90264f33305004495a9","hash":"e2bfcae26fc685aa6f129c6f2040a6503516262c"}
,"C:\\Users\\aswan\\OneDrive\\Desktop\\Express\\controler\\postUser.js": {"path":"C:\\Users\\aswan\\OneDrive\\Desktop\\Express\\controler\\postUser.js","statementMap":{"0":{"start":{"line":1,"column":16},"end":{"line":1,"column":34}},"1":{"start":{"line":2,"column":13},"end":{"line":2,"column":22}},"2":{"start":{"line":3,"column":11},"end":{"line":3,"column":39}},"3":{"start":{"line":4,"column":0},"end":{"line":4,"column":29}},"4":{"start":{"line":6,"column":0},"end":{"line":20,"column":11}},"5":{"start":{"line":7,"column":96},"end":{"line":7,"column":104}},"6":{"start":{"line":8,"column":19},"end":{"line":8,"column":101}},"7":{"start":{"line":9,"column":16},"end":{"line":9,"column":141}},"8":{"start":{"line":10,"column":8},"end":{"line":19,"column":13}},"9":{"start":{"line":11,"column":12},"end":{"line":18,"column":13}},"10":{"start":{"line":12,"column":14},"end":{"line":12,"column":31}},"11":{"start":{"line":13,"column":14},"end":{"line":13,"column":59}},"12":{"start":{"line":16,"column":14},"end":{"line":16,"column":56}},"13":{"start":{"line":17,"column":14},"end":{"line":17,"column":44}},"14":{"start":{"line":22,"column":0},"end":{"line":22,"column":21}}},"fnMap":{"0":{"name":"(anonymous_0)","decl":{"start":{"line":6,"column":19},"end":{"line":6,"column":20}},"loc":{"start":{"line":6,"column":33},"end":{"line":20,"column":9}},"line":6},"1":{"name":"(anonymous_1)","decl":{"start":{"line":10,"column":32},"end":{"line":10,"column":33}},"loc":{"start":{"line":10,"column":49},"end":{"line":19,"column":11}},"line":10}},"branchMap":{"0":{"loc":{"start":{"line":11,"column":12},"end":{"line":18,"column":13}},"type":"if","locations":[{"start":{"line":11,"column":12},"end":{"line":18,"column":13}},{"start":{"line":15,"column":17},"end":{"line":18,"column":13}}],"line":11}},"s":{"0":11,"1":11,"2":11,"3":11,"4":11,"5":2,"6":2,"7":2,"8":2,"9":2,"10":1,"11":1,"12":1,"13":1,"14":11},"f":{"0":2,"1":2},"b":{"0":[1,1]},"_coverageSchema":"1a1c01bbd47fc00a2c39e90264f33305004495a9","hash":"e7484beafa57515f3f630ffec6d91809ef2c952e"}
,"C:\\Users\\aswan\\OneDrive\\Desktop\\Express\\controler\\updateUser.js": {"path":"C:\\Users\\aswan\\OneDrive\\Desktop\\Express\\controler\\updateUser.js","statementMap":{"0":{"start":{"line":1,"column":16},"end":{"line":1,"column":34}},"1":{"start":{"line":2,"column":13},"end":{"line":2,"column":22}},"2":{"start":{"line":3,"column":11},"end":{"line":3,"column":39}},"3":{"start":{"line":4,"column":0},"end":{"line":4,"column":29}},"4":{"start":{"line":6,"column":0},"end":{"line":26,"column":3}},"5":{"start":{"line":7,"column":20},"end":{"line":7,"column":33}},"6":{"start":{"line":8,"column":70},"end":{"line":8,"column":78}},"7":{"start":{"line":9,"column":17},"end":{"line":9,"column":104}},"8":{"start":{"line":10,"column":19},"end":{"line":10,"column":80}},"9":{"start":{"line":11,"column":4},"end":{"line":25,"column":6}},"10":{"start":{"line":12,"column":8},"end":{"line":24,"column":9}},"11":{"start":{"line":13,"column":12},"end":{"line":13,"column":31}},"12":{"start":{"line":16,"column":12},"end":{"line":16,"column":32}},"13":{"start":{"line":17,"column":12},"end":{"line":23,"column":13}},"14":{"start":{"line":18,"column":16},"end":{"line":18,"column":43}},"15":{"start":{"line":21,"column":16},"end":{"line":21,"column":54}},"16":{"start":{"line":22,"column":16},"end":{"line":22,"column":51}},"17":{"start":{"line":28,"column":0},"end":{"line":28,"column":21}}},"fnMap":{"0":{"name":"(anonymous_0)","decl":{"start":{"line":6,"column":26},"end":{"line":6,"column":27}},"loc":{"start":{"line":6,"column":40},"end":{"line":26,"column":1}},"line":6},"1":{"name":"(anonymous_1)","decl":{"start":{"line":11,"column":27},"end":{"line":11,"column":28}},"loc":{"start":{"line":11,"column":46},"end":{"line":25,"column":5}},"line":11}},"branchMap":{"0":{"loc":{"start":{"line":12,"column":8},"end":{"line":24,"column":9}},"type":"if","locations":[{"start":{"line":12,"column":8},"end":{"line":24,"column":9}},{"start":{"line":15,"column":13},"end":{"line":24,"column":9}}],"line":12},"1":{"loc":{"start":{"line":17,"column":12},"end":{"line":23,"column":13}},"type":"if","locations":[{"start":{"line":17,"column":12},"end":{"line":23,"column":13}},{"start":{"line":20,"column":17},"end":{"line":23,"column":13}}],"line":17}},"s":{"0":11,"1":11,"2":11,"3":11,"4":11,"5":2,"6":2,"7":2,"8":2,"9":2,"10":2,"11":0,"12":2,"13":2,"14":1,"15":1,"16":1,"17":11},"f":{"0":2,"1":2},"b":{"0":[0,2],"1":[1,1]},"_coverageSchema":"1a1c01bbd47fc00a2c39e90264f33305004495a9","hash":"b391d6ce0acb1e07b1629e200e5ecd890ed4cf93"}
,"C:\\Users\\aswan\\OneDrive\\Desktop\\Express\\controler\\admin\\adminlogin.js": {"path":"C:\\Users\\aswan\\OneDrive\\Desktop\\Express\\controler\\admin\\adminlogin.js","statementMap":{"0":{"start":{"line":1,"column":15},"end":{"line":1,"column":33}},"1":{"start":{"line":2,"column":10},"end":{"line":2,"column":19}},"2":{"start":{"line":3,"column":11},"end":{"line":3,"column":42}},"3":{"start":{"line":4,"column":12},"end":{"line":4,"column":35}},"4":{"start":{"line":5,"column":0},"end":{"line":5,"column":28}},"5":{"start":{"line":6,"column":0},"end":{"line":6,"column":48}},"6":{"start":{"line":7,"column":0},"end":{"line":7,"column":24}},"7":{"start":{"line":9,"column":0},"end":{"line":30,"column":8}},"8":{"start":{"line":10,"column":13},"end":{"line":10,"column":93}},"9":{"start":{"line":11,"column":22},"end":{"line":11,"column":39}},"10":{"start":{"line":12,"column":22},"end":{"line":12,"column":39}},"11":{"start":{"line":13,"column":4},"end":{"line":15,"column":5}},"12":{"start":{"line":14,"column":8},"end":{"line":14,"column":72}},"13":{"start":{"line":16,"column":4},"end":{"line":30,"column":5}},"14":{"start":{"line":17,"column":16},"end":{"line":17,"column":71}},"15":{"start":{"line":20,"column":12},"end":{"line":29,"column":10}},"16":{"start":{"line":21,"column":12},"end":{"line":28,"column":9}},"17":{"start":{"line":22,"column":16},"end":{"line":22,"column":95}},"18":{"start":{"line":25,"column":24},"end":{"line":25,"column":36}},"19":{"start":{"line":26,"column":26},"end":{"line":26,"column":94}},"20":{"start":{"line":27,"column":12},"end":{"line":27,"column":40}},"21":{"start":{"line":33,"column":0},"end":{"line":33,"column":19}}},"fnMap":{"0":{"name":"(anonymous_0)","decl":{"start":{"line":9,"column":24},"end":{"line":9,"column":25}},"loc":{"start":{"line":9,"column":42},"end":{"line":30,"column":6}},"line":9},"1":{"name":"(anonymous_1)","decl":{"start":{"line":20,"column":49},"end":{"line":20,"column":50}},"loc":{"start":{"line":20,"column":66},"end":{"line":29,"column":9}},"line":20}},"branchMap":{"0":{"loc":{"start":{"line":13,"column":4},"end":{"line":15,"column":5}},"type":"if","locations":[{"start":{"line":13,"column":4},"end":{"line":15,"column":5}},{"start":{},"end":{}}],"line":13},"1":{"loc":{"start":{"line":13,"column":8},"end":{"line":13,"column":48}},"type":"binary-expr","locations":[{"start":{"line":13,"column":8},"end":{"line":13,"column":26}},{"start":{"line":13,"column":30},"end":{"line":13,"column":48}}],"line":13},"2":{"loc":{"start":{"line":16,"column":4},"end":{"line":30,"column":5}},"type":"if","locations":[{"start":{"line":16,"column":4},"end":{"line":30,"column":5}},{"start":{"line":19,"column":9},"end":{"line":30,"column":5}}],"line":16},"3":{"loc":{"start":{"line":21,"column":12},"end":{"line":28,"column":9}},"type":"if","locations":[{"start":{"line":21,"column":12},"end":{"line":28,"column":9}},{"start":{"line":24,"column":16},"end":{"line":28,"column":9}}],"line":21},"4":{"loc":{"start":{"line":21,"column":16},"end":{"line":21,"column":41}},"type":"binary-expr","locations":[{"start":{"line":21,"column":16},"end":{"line":21,"column":19}},{"start":{"line":21,"column":23},"end":{"line":21,"column":41}}],"line":21}},"s":{"0":11,"1":11,"2":11,"3":11,"4":11,"5":11,"6":11,"7":11,"8":3,"9":3,"10":3,"11":3,"12":1,"13":2,"14":0,"15":2,"16":2,"17":2,"18":0,"19":0,"20":0,"21":11},"f":{"0":3,"1":2},"b":{"0":[1,2],"1":[3,2],"2":[0,2],"3":[2,0],"4":[2,2]},"_coverageSchema":"1a1c01bbd47fc00a2c39e90264f33305004495a9","hash":"12648a6e0c793e6262e3523fc194a27470c9046c"}
,"C:\\Users\\aswan\\OneDrive\\Desktop\\Express\\controler\\admin\\userdetails.js": {"path":"C:\\Users\\aswan\\OneDrive\\Desktop\\Express\\controler\\admin\\userdetails.js","statementMap":{"0":{"start":{"line":1,"column":15},"end":{"line":1,"column":33}},"1":{"start":{"line":2,"column":10},"end":{"line":2,"column":19}},"2":{"start":{"line":3,"column":11},"end":{"line":3,"column":42}},"3":{"start":{"line":4,"column":20},"end":{"line":4,"column":56}},"4":{"start":{"line":5,"column":0},"end":{"line":5,"column":28}},"5":{"start":{"line":6,"column":0},"end":{"line":15,"column":3}},"6":{"start":{"line":7,"column":4},"end":{"line":14,"column":6}},"7":{"start":{"line":8,"column":8},"end":{"line":13,"column":9}},"8":{"start":{"line":9,"column":12},"end":{"line":9,"column":59}},"9":{"start":{"line":12,"column":12},"end":{"line":12,"column":54}},"10":{"start":{"line":17,"column":0},"end":{"line":17,"column":19}}},"fnMap":{"0":{"name":"(anonymous_0)","decl":{"start":{"line":6,"column":33},"end":{"line":6,"column":34}},"loc":{"start":{"line":6,"column":49},"end":{"line":15,"column":1}},"line":6},"1":{"name":"(anonymous_1)","decl":{"start":{"line":7,"column":47},"end":{"line":7,"column":48}},"loc":{"start":{"line":7,"column":61},"end":{"line":14,"column":5}},"line":7}},"branchMap":{"0":{"loc":{"start":{"line":8,"column":8},"end":{"line":13,"column":9}},"type":"if","locations":[{"start":{"line":8,"column":8},"end":{"line":13,"column":9}},{"start":{"line":11,"column":12},"end":{"line":13,"column":9}}],"line":8}},"s":{"0":11,"1":11,"2":11,"3":11,"4":11,"5":11,"6":2,"7":2,"8":1,"9":1,"10":11},"f":{"0":2,"1":2},"b":{"0":[1,1]},"_coverageSchema":"1a1c01bbd47fc00a2c39e90264f33305004495a9","hash":"c5febf4b72d53250c3864102b4fc83916b75a85e"}
,"C:\\Users\\aswan\\OneDrive\\Desktop\\Express\\controler\\user\\loginUser.js": {"path":"C:\\Users\\aswan\\OneDrive\\Desktop\\Express\\controler\\user\\loginUser.js","statementMap":{"0":{"start":{"line":1,"column":15},"end":{"line":1,"column":33}},"1":{"start":{"line":2,"column":10},"end":{"line":2,"column":19}},"2":{"start":{"line":3,"column":11},"end":{"line":3,"column":42}},"3":{"start":{"line":4,"column":12},"end":{"line":4,"column":35}},"4":{"start":{"line":5,"column":0},"end":{"line":5,"column":28}},"5":{"start":{"line":6,"column":0},"end":{"line":6,"column":48}},"6":{"start":{"line":7,"column":0},"end":{"line":7,"column":24}},"7":{"start":{"line":9,"column":0},"end":{"line":30,"column":8}},"8":{"start":{"line":10,"column":13},"end":{"line":10,"column":92}},"9":{"start":{"line":11,"column":22},"end":{"line":11,"column":39}},"10":{"start":{"line":12,"column":22},"end":{"line":12,"column":39}},"11":{"start":{"line":13,"column":4},"end":{"line":15,"column":5}},"12":{"start":{"line":14,"column":8},"end":{"line":14,"column":72}},"13":{"start":{"line":16,"column":4},"end":{"line":30,"column":5}},"14":{"start":{"line":17,"column":16},"end":{"line":17,"column":71}},"15":{"start":{"line":20,"column":12},"end":{"line":29,"column":10}},"16":{"start":{"line":21,"column":12},"end":{"line":28,"column":9}},"17":{"start":{"line":22,"column":16},"end":{"line":22,"column":95}},"18":{"start":{"line":25,"column":24},"end":{"line":25,"column":36}},"19":{"start":{"line":26,"column":26},"end":{"line":26,"column":94}},"20":{"start":{"line":27,"column":12},"end":{"line":27,"column":40}},"21":{"start":{"line":33,"column":0},"end":{"line":33,"column":19}}},"fnMap":{"0":{"name":"(anonymous_0)","decl":{"start":{"line":9,"column":23},"end":{"line":9,"column":24}},"loc":{"start":{"line":9,"column":41},"end":{"line":30,"column":6}},"line":9},"1":{"name":"(anonymous_1)","decl":{"start":{"line":20,"column":49},"end":{"line":20,"column":50}},"loc":{"start":{"line":20,"column":66},"end":{"line":29,"column":9}},"line":20}},"branchMap":{"0":{"loc":{"start":{"line":13,"column":4},"end":{"line":15,"column":5}},"type":"if","locations":[{"start":{"line":13,"column":4},"end":{"line":15,"column":5}},{"start":{},"end":{}}],"line":13},"1":{"loc":{"start":{"line":13,"column":8},"end":{"line":13,"column":48}},"type":"binary-expr","locations":[{"start":{"line":13,"column":8},"end":{"line":13,"column":26}},{"start":{"line":13,"column":30},"end":{"line":13,"column":48}}],"line":13},"2":{"loc":{"start":{"line":16,"column":4},"end":{"line":30,"column":5}},"type":"if","locations":[{"start":{"line":16,"column":4},"end":{"line":30,"column":5}},{"start":{"line":19,"column":9},"end":{"line":30,"column":5}}],"line":16},"3":{"loc":{"start":{"line":21,"column":12},"end":{"line":28,"column":9}},"type":"if","locations":[{"start":{"line":21,"column":12},"end":{"line":28,"column":9}},{"start":{"line":24,"column":16},"end":{"line":28,"column":9}}],"line":21},"4":{"loc":{"start":{"line":21,"column":16},"end":{"line":21,"column":41}},"type":"binary-expr","locations":[{"start":{"line":21,"column":16},"end":{"line":21,"column":19}},{"start":{"line":21,"column":23},"end":{"line":21,"column":41}}],"line":21}},"s":{"0":11,"1":11,"2":11,"3":11,"4":11,"5":11,"6":11,"7":11,"8":6,"9":6,"10":6,"11":6,"12":2,"13":4,"14":0,"15":4,"16":4,"17":2,"18":2,"19":2,"20":1,"21":11},"f":{"0":6,"1":4},"b":{"0":[2,4],"1":[6,5],"2":[0,4],"3":[2,2],"4":[4,3]},"_coverageSchema":"1a1c01bbd47fc00a2c39e90264f33305004495a9","hash":"ef8fb8cc5be00b5c6fa8240d29a7102720a423a5"}
,"C:\\Users\\aswan\\OneDrive\\Desktop\\Express\\controler\\user\\productdetails.js": {"path":"C:\\Users\\aswan\\OneDrive\\Desktop\\Express\\controler\\user\\productdetails.js","statementMap":{"0":{"start":{"line":1,"column":15},"end":{"line":1,"column":33}},"1":{"start":{"line":2,"column":10},"end":{"line":2,"column":19}},"2":{"start":{"line":3,"column":11},"end":{"line":3,"column":42}},"3":{"start":{"line":4,"column":19},"end":{"line":4,"column":55}},"4":{"start":{"line":5,"column":0},"end":{"line":5,"column":28}},"5":{"start":{"line":6,"column":0},"end":{"line":15,"column":3}},"6":{"start":{"line":7,"column":4},"end":{"line":14,"column":6}},"7":{"start":{"line":8,"column":8},"end":{"line":13,"column":9}},"8":{"start":{"line":9,"column":12},"end":{"line":9,"column":59}},"9":{"start":{"line":12,"column":12},"end":{"line":12,"column":54}},"10":{"start":{"line":17,"column":0},"end":{"line":17,"column":19}}},"fnMap":{"0":{"name":"(anonymous_0)","decl":{"start":{"line":6,"column":35},"end":{"line":6,"column":36}},"loc":{"start":{"line":6,"column":51},"end":{"line":15,"column":1}},"line":6},"1":{"name":"(anonymous_1)","decl":{"start":{"line":7,"column":51},"end":{"line":7,"column":52}},"loc":{"start":{"line":7,"column":65},"end":{"line":14,"column":5}},"line":7}},"branchMap":{"0":{"loc":{"start":{"line":8,"column":8},"end":{"line":13,"column":9}},"type":"if","locations":[{"start":{"line":8,"column":8},"end":{"line":13,"column":9}},{"start":{"line":11,"column":12},"end":{"line":13,"column":9}}],"line":8}},"s":{"0":11,"1":11,"2":11,"3":11,"4":11,"5":11,"6":2,"7":2,"8":1,"9":1,"10":11},"f":{"0":2,"1":2},"b":{"0":[1,1]},"_coverageSchema":"1a1c01bbd47fc00a2c39e90264f33305004495a9","hash":"5d11fcedd19b4a50025a1a0088edb503a76be3e9"}
,"C:\\Users\\aswan\\OneDrive\\Desktop\\Express\\controler\\user\\productorder.js": {"path":"C:\\Users\\aswan\\OneDrive\\Desktop\\Express\\controler\\user\\productorder.js","statementMap":{"0":{"start":{"line":1,"column":15},"end":{"line":1,"column":33}},"1":{"start":{"line":2,"column":10},"end":{"line":2,"column":19}},"2":{"start":{"line":3,"column":11},"end":{"line":3,"column":42}},"3":{"start":{"line":4,"column":19},"end":{"line":4,"column":55}},"4":{"start":{"line":5,"column":0},"end":{"line":5,"column":28}},"5":{"start":{"line":6,"column":0},"end":{"line":17,"column":3}},"6":{"start":{"line":7,"column":66},"end":{"line":7,"column":74}},"7":{"start":{"line":8,"column":19},"end":{"line":8,"column":68}},"8":{"start":{"line":9,"column":14},"end":{"line":9,"column":123}},"9":{"start":{"line":10,"column":4},"end":{"line":16,"column":7}},"10":{"start":{"line":11,"column":8},"end":{"line":15,"column":9}},"11":{"start":{"line":12,"column":12},"end":{"line":12,"column":64}},"12":{"start":{"line":14,"column":12},"end":{"line":14,"column":54}},"13":{"start":{"line":20,"column":0},"end":{"line":20,"column":19}}},"fnMap":{"0":{"name":"(anonymous_0)","decl":{"start":{"line":6,"column":45},"end":{"line":6,"column":46}},"loc":{"start":{"line":6,"column":65},"end":{"line":17,"column":1}},"line":6},"1":{"name":"(anonymous_1)","decl":{"start":{"line":10,"column":23},"end":{"line":10,"column":24}},"loc":{"start":{"line":10,"column":40},"end":{"line":16,"column":5}},"line":10}},"branchMap":{"0":{"loc":{"start":{"line":11,"column":8},"end":{"line":15,"column":9}},"type":"if","locations":[{"start":{"line":11,"column":8},"end":{"line":15,"column":9}},{"start":{"line":13,"column":15},"end":{"line":15,"column":9}}],"line":11}},"s":{"0":11,"1":11,"2":11,"3":11,"4":11,"5":11,"6":4,"7":4,"8":4,"9":4,"10":3,"11":2,"12":1,"13":11},"f":{"0":4,"1":3},"b":{"0":[2,1]},"_coverageSchema":"1a1c01bbd47fc00a2c39e90264f33305004495a9","hash":"ddeb34c85439bc4fa51d99d9e6566d24685ceae0"}
,"C:\\Users\\aswan\\OneDrive\\Desktop\\Express\\middleware\\loginjwt.js": {"path":"C:\\Users\\aswan\\OneDrive\\Desktop\\Express\\middleware\\loginjwt.js","statementMap":{"0":{"start":{"line":1,"column":10},"end":{"line":1,"column":33}},"1":{"start":{"line":3,"column":15},"end":{"line":18,"column":1}},"2":{"start":{"line":5,"column":21},"end":{"line":5,"column":56}},"3":{"start":{"line":6,"column":4},"end":{"line":17,"column":5}},"4":{"start":{"line":7,"column":8},"end":{"line":7,"column":68}},"5":{"start":{"line":10,"column":20},"end":{"line":10,"column":50}},"6":{"start":{"line":11,"column":8},"end":{"line":16,"column":9}},"7":{"start":{"line":12,"column":25},"end":{"line":12,"column":75}},"8":{"start":{"line":13,"column":12},"end":{"line":13,"column":26}},"9":{"start":{"line":15,"column":12},"end":{"line":15,"column":70}},"10":{"start":{"line":19,"column":16},"end":{"line":33,"column":1}},"11":{"start":{"line":20,"column":21},"end":{"line":20,"column":56}},"12":{"start":{"line":21,"column":4},"end":{"line":32,"column":5}},"13":{"start":{"line":22,"column":8},"end":{"line":22,"column":68}},"14":{"start":{"line":25,"column":20},"end":{"line":25,"column":50}},"15":{"start":{"line":26,"column":8},"end":{"line":31,"column":9}},"16":{"start":{"line":27,"column":25},"end":{"line":27,"column":75}},"17":{"start":{"line":28,"column":12},"end":{"line":28,"column":26}},"18":{"start":{"line":30,"column":12},"end":{"line":30,"column":70}},"19":{"start":{"line":34,"column":0},"end":{"line":34,"column":40}}},"fnMap":{"0":{"name":"(anonymous_0)","decl":{"start":{"line":3,"column":15},"end":{"line":3,"column":16}},"loc":{"start":{"line":3,"column":45},"end":{"line":18,"column":1}},"line":3},"1":{"name":"(anonymous_1)","decl":{"start":{"line":19,"column":16},"end":{"line":19,"column":17}},"loc":{"start":{"line":19,"column":46},"end":{"line":33,"column":1}},"line":19}},"branchMap":{"0":{"loc":{"start":{"line":6,"column":4},"end":{"line":17,"column":5}},"type":"if","locations":[{"start":{"line":6,"column":4},"end":{"line":17,"column":5}},{"start":{"line":9,"column":8},"end":{"line":17,"column":5}}],"line":6},"1":{"loc":{"start":{"line":6,"column":7},"end":{"line":6,"column":55}},"type":"binary-expr","locations":[{"start":{"line":6,"column":7},"end":{"line":6,"column":18}},{"start":{"line":6,"column":22},"end":{"line":6,"column":55}}],"line":6},"2":{"loc":{"start":{"line":21,"column":4},"end":{"line":32,"column":5}},"type":"if","locations":[{"start":{"line":21,"column":4},"end":{"line":32,"column":5}},{"start":{"line":24,"column":8},"end":{"line":32,"column":5}}],"line":21},"3":{"loc":{"start":{"line":21,"column":7},"end":{"line":21,"column":55}},"type":"binary-expr","locations":[{"start":{"line":21,"column":7},"end":{"line":21,"column":18}},{"start":{"line":21,"column":22},"end":{"line":21,"column":55}}],"line":21}},"s":{"0":12,"1":12,"2":4,"3":4,"4":2,"5":2,"6":2,"7":2,"8":1,"9":1,"10":12,"11":4,"12":4,"13":2,"14":2,"15":2,"16":2,"17":1,"18":1,"19":12},"f":{"0":4,"1":4},"b":{"0":[2,2],"1":[4,3],"2":[2,2],"3":[4,3]},"_coverageSchema":"1a1c01bbd47fc00a2c39e90264f33305004495a9","hash":"39d95241eb023bcba452f679268748896b847beb"}
,"C:\\Users\\aswan\\OneDrive\\Desktop\\Express\\router\\admin.router.js": {"path":"C:\\Users\\aswan\\OneDrive\\Desktop\\Express\\router\\admin.router.js","statementMap":{"0":{"start":{"line":1,"column":16},"end":{"line":1,"column":34}},"1":{"start":{"line":2,"column":12},"end":{"line":2,"column":21}},"2":{"start":{"line":3,"column":12},"end":{"line":3,"column":52}},"3":{"start":{"line":4,"column":18},"end":{"line":4,"column":59}},"4":{"start":{"line":5,"column":0},"end":{"line":5,"column":28}},"5":{"start":{"line":6,"column":0},"end":{"line":6,"column":18}},"6":{"start":{"line":7,"column":0},"end":{"line":7,"column":24}},"7":{"start":{"line":9,"column":0},"end":{"line":9,"column":19}}},"fnMap":{},"branchMap":{},"s":{"0":11,"1":11,"2":11,"3":11,"4":11,"5":11,"6":11,"7":11},"f":{},"b":{},"_coverageSchema":"1a1c01bbd47fc00a2c39e90264f33305004495a9","hash":"48478766481c69ebd1b5668dbc16c6fbce18f6a8"}
,"C:\\Users\\aswan\\OneDrive\\Desktop\\Express\\router\\user.router.js": {"path":"C:\\Users\\aswan\\OneDrive\\Desktop\\Express\\router\\user.router.js","statementMap":{"0":{"start":{"line":1,"column":16},"end":{"line":1,"column":34}},"1":{"start":{"line":2,"column":12},"end":{"line":2,"column":21}},"2":{"start":{"line":3,"column":12},"end":{"line":3,"column":50}},"3":{"start":{"line":4,"column":18},"end":{"line":4,"column":61}},"4":{"start":{"line":5,"column":15},"end":{"line":5,"column":56}},"5":{"start":{"line":6,"column":0},"end":{"line":6,"column":28}},"6":{"start":{"line":7,"column":0},"end":{"line":7,"column":18}},"7":{"start":{"line":8,"column":0},"end":{"line":8,"column":24}},"8":{"start":{"line":9,"column":0},"end":{"line":9,"column":21}},"9":{"start":{"line":11,"column":0},"end":{"line":11,"column":19}}},"fnMap":{},"branchMap":{},"s":{"0":11,"1":11,"2":11,"3":11,"4":11,"5":11,"6":11,"7":11,"8":11,"9":11},"f":{},"b":{},"_coverageSchema":"1a1c01bbd47fc00a2c39e90264f33305004495a9","hash":"3e207aebb7e906a6beee4307561d5447243bd228"}
}
