TN:
SF:server.js
FN:24,(anonymous_0)
FNF:1
FNH:1
FNDA:2,(anonymous_0)
DA:1,9
DA:2,9
DA:3,9
DA:4,9
DA:5,9
DA:6,9
DA:7,9
DA:8,9
DA:9,9
DA:10,9
DA:11,9
DA:12,9
DA:13,9
DA:15,9
DA:16,9
DA:17,9
DA:18,9
DA:19,9
DA:20,9
DA:21,9
DA:23,9
DA:24,9
DA:25,2
DA:28,9
LF:24
LH:24
BRDA:23,0,0,9
BRDA:23,0,1,3
BRF:2
BRH:2
end_of_record
TN:
SF:config\db.conf.js
FNF:0
FNH:0
DA:1,6
DA:2,6
DA:3,6
DA:5,6
DA:12,6
LF:5
LH:5
BRF:0
BRH:0
end_of_record
TN:
SF:controler\deleteUser.js
FN:6,(anonymous_0)
FN:8,(anonymous_1)
FNF:2
FNH:2
FNDA:2,(anonymous_0)
FNDA:2,(anonymous_1)
DA:1,9
DA:2,9
DA:3,9
DA:4,9
DA:6,9
DA:7,2
DA:8,2
DA:9,2
DA:10,0
DA:13,2
DA:14,2
DA:15,1
DA:18,1
DA:19,1
DA:25,9
LF:15
LH:14
BRDA:9,0,0,0
BRDA:9,0,1,2
BRDA:14,1,0,1
BRDA:14,1,1,1
BRF:4
BRH:3
end_of_record
TN:
SF:controler\getUser.js
FN:6,(anonymous_0)
FN:7,(anonymous_1)
FNF:2
FNH:2
FNDA:4,(anonymous_0)
FNDA:4,(anonymous_1)
DA:1,9
DA:2,9
DA:3,9
DA:4,9
DA:6,9
DA:7,4
DA:8,4
DA:9,0
DA:10,0
DA:12,4
DA:16,9
LF:11
LH:9
BRDA:8,0,0,0
BRDA:8,0,1,4
BRF:2
BRH:1
end_of_record
TN:
SF:controler\getUserbyid.js
FN:6,(anonymous_0)
FN:8,(anonymous_1)
FNF:2
FNH:2
FNDA:3,(anonymous_0)
FNDA:3,(anonymous_1)
DA:1,9
DA:2,9
DA:3,9
DA:4,9
DA:6,9
DA:7,3
DA:8,3
DA:9,3
DA:10,0
DA:13,3
DA:14,3
DA:19,9
LF:12
LH:11
BRDA:9,0,0,0
BRDA:9,0,1,3
BRF:2
BRH:1
end_of_record
TN:
SF:controler\postUser.js
FN:6,(anonymous_0)
FN:10,(anonymous_1)
FNF:2
FNH:2
FNDA:2,(anonymous_0)
FNDA:2,(anonymous_1)
DA:1,9
DA:2,9
DA:3,9
DA:4,9
DA:6,9
DA:7,2
DA:8,2
DA:9,2
DA:10,2
DA:11,2
DA:12,1
DA:13,1
DA:16,1
DA:17,1
DA:22,9
LF:15
LH:15
BRDA:11,0,0,1
BRDA:11,0,1,1
BRF:2
BRH:2
end_of_record
TN:
SF:controler\updateUser.js
FN:6,(anonymous_0)
FN:11,(anonymous_1)
FNF:2
FNH:2
FNDA:2,(anonymous_0)
FNDA:2,(anonymous_1)
DA:1,9
DA:2,9
DA:3,9
DA:4,9
DA:6,9
DA:7,2
DA:8,2
DA:9,2
DA:10,2
DA:11,2
DA:12,2
DA:13,0
DA:16,2
DA:17,2
DA:18,1
DA:21,1
DA:22,1
DA:28,9
LF:18
LH:17
BRDA:12,0,0,0
BRDA:12,0,1,2
BRDA:17,1,0,1
BRDA:17,1,1,1
BRF:4
BRH:3
end_of_record
TN:
SF:controler\admin\adminlogin.js
FN:9,(anonymous_0)
FN:20,(anonymous_1)
FNF:2
FNH:2
FNDA:3,(anonymous_0)
FNDA:2,(anonymous_1)
DA:1,9
DA:2,9
DA:3,9
DA:4,9
DA:6,9
DA:7,9
DA:9,9
DA:10,3
DA:11,3
DA:12,3
DA:13,3
DA:14,1
DA:16,2
DA:17,0
DA:20,2
DA:21,2
DA:22,2
DA:25,0
DA:26,0
DA:27,0
DA:33,9
LF:21
LH:17
BRDA:13,0,0,1
BRDA:13,0,1,2
BRDA:13,1,0,3
BRDA:13,1,1,2
BRDA:16,2,0,0
BRDA:16,2,1,2
BRDA:21,3,0,2
BRDA:21,3,1,0
BRDA:21,4,0,2
BRDA:21,4,1,2
BRF:10
BRH:8
end_of_record
TN:
SF:controler\admin\userdetails.js
FN:6,(anonymous_0)
FN:7,(anonymous_1)
FNF:2
FNH:0
FNDA:0,(anonymous_0)
FNDA:0,(anonymous_1)
DA:1,9
DA:2,9
DA:3,9
DA:4,9
DA:6,9
DA:7,0
DA:8,0
DA:9,0
DA:12,0
DA:17,9
LF:10
LH:6
BRDA:8,0,0,0
BRDA:8,0,1,0
BRF:2
BRH:0
end_of_record
TN:
SF:controler\user\loginUser.js
FN:9,(anonymous_0)
FN:20,(anonymous_1)
FNF:2
FNH:2
FNDA:3,(anonymous_0)
FNDA:2,(anonymous_1)
DA:1,9
DA:2,9
DA:3,9
DA:4,9
DA:6,9
DA:7,9
DA:9,9
DA:10,3
DA:11,3
DA:12,3
DA:13,3
DA:14,1
DA:16,2
DA:17,0
DA:20,2
DA:21,2
DA:22,2
DA:25,0
DA:26,0
DA:27,0
DA:33,9
LF:21
LH:17
BRDA:13,0,0,1
BRDA:13,0,1,2
BRDA:13,1,0,3
BRDA:13,1,1,2
BRDA:16,2,0,0
BRDA:16,2,1,2
BRDA:21,3,0,2
BRDA:21,3,1,0
BRDA:21,4,0,2
BRDA:21,4,1,2
BRF:10
BRH:8
end_of_record
TN:
SF:controler\user\productdetails.js
FN:6,(anonymous_0)
FN:7,(anonymous_1)
FNF:2
FNH:0
FNDA:0,(anonymous_0)
FNDA:0,(anonymous_1)
DA:1,9
DA:2,9
DA:3,9
DA:4,9
DA:6,9
DA:7,0
DA:8,0
DA:9,0
DA:12,0
DA:17,9
LF:10
LH:6
BRDA:8,0,0,0
BRDA:8,0,1,0
BRF:2
BRH:0
end_of_record
TN:
SF:middleware\loginjwt.js
FN:3,(anonymous_0)
FN:19,(anonymous_1)
FNF:2
FNH:1
FNDA:0,(anonymous_0)
FNDA:2,(anonymous_1)
DA:1,9
DA:3,9
DA:5,0
DA:6,0
DA:7,0
DA:10,0
DA:11,0
DA:12,0
DA:13,0
DA:15,0
DA:19,9
DA:20,2
DA:21,2
DA:22,2
DA:25,0
DA:26,0
DA:27,0
DA:28,0
DA:30,0
DA:34,9
LF:20
LH:7
BRDA:6,0,0,0
BRDA:6,0,1,0
BRDA:6,1,0,0
BRDA:6,1,1,0
BRDA:21,2,0,2
BRDA:21,2,1,0
BRDA:21,3,0,2
BRDA:21,3,1,0
BRF:8
BRH:2
end_of_record
TN:
SF:router\admin.router.js
FNF:0
FNH:0
DA:1,9
DA:2,9
DA:3,9
DA:4,9
DA:6,9
DA:7,9
DA:9,9
LF:7
LH:7
BRF:0
BRH:0
end_of_record
TN:
SF:router\user.router.js
FNF:0
FNH:0
DA:1,9
DA:2,9
DA:3,9
DA:4,9
DA:6,9
DA:7,9
DA:9,9
LF:7
LH:7
BRF:0
BRH:0
end_of_record
